[NX Daemon Server] - 2023-12-07T10:58:09.904Z - Started listening on: /var/folders/sq/7_7lz4m93kl8bnxv5443tgsh0000gn/T/dd63222735e11b3c7cdb/d.sock
[NX Daemon Server] - 2023-12-07T10:58:09.906Z - [WATCHER]: Subscribed to changes within: /Users/adibmokhtari/Documents/projects/bright-resume (native)
[NX Daemon Server] - 2023-12-07T10:58:09.906Z - Established a connection. Number of open connections: 1
[NX Daemon Server] - 2023-12-07T10:58:09.907Z - Established a connection. Number of open connections: 2
[NX Daemon Server] - 2023-12-07T10:58:09.908Z - [REQUEST]: Client Request for Project Graph Received
[NX Daemon Server] - 2023-12-07T10:58:09.929Z - [REQUEST]: Updated file-hasher based on watched changes, recomputing project graph...
[NX Daemon Server] - 2023-12-07T10:58:09.929Z - [REQUEST]: 
[NX Daemon Server] - 2023-12-07T10:58:09.930Z - [REQUEST]: 

 >  NX   Failed to parse yarn lockfile

   Please open an issue at `https://github.com/nrwl/nx/issues/new?template=1-bug.yml` and provide a reproduction.
   
Original error: Expected ":" or blank space but "\n" found.


   SyntaxError: Expected ":" or blank space but "\n" found.
    at peg$buildStructuredError (/Users/adibmokhtari/Documents/projects/bright-resume/node_modules/@yarnpkg/parsers/lib/grammars/syml.js:371:12)
    at peg$parse (/Users/adibmokhtari/Documents/projects/bright-resume/node_modules/@yarnpkg/parsers/lib/grammars/syml.js:1898:11)
    at parseViaPeg (/Users/adibmokhtari/Documents/projects/bright-resume/node_modules/@yarnpkg/parsers/lib/syml.js:109:29)
    at parseViaJsYaml (/Users/adibmokhtari/Documents/projects/bright-resume/node_modules/@yarnpkg/parsers/lib/syml.js:114:16)
    at parseSyml (/Users/adibmokhtari/Documents/projects/bright-resume/node_modules/@yarnpkg/parsers/lib/syml.js:130:12)
    at parseLockFile (/Users/adibmokhtari/Documents/projects/bright-resume/node_modules/nx/src/plugins/js/lock-file/yarn-parser.js:20:20)
    at getYarnLockfileDependencies (/Users/adibmokhtari/Documents/projects/bright-resume/node_modules/nx/src/plugins/js/lock-file/yarn-parser.js:34:45)
    at getLockFileDependencies (/Users/adibmokhtari/Documents/projects/bright-resume/node_modules/nx/src/plugins/js/lock-file/lock-file.js:60:66)
    at Object.createDependencies (/Users/adibmokhtari/Documents/projects/bright-resume/node_modules/nx/src/plugins/js/index.js:64:76)
    at /Users/adibmokhtari/Documents/projects/bright-resume/node_modules/nx/src/project-graph/build-project-graph.js:180:47

[NX Daemon Server] - 2023-12-07T10:58:09.952Z - Error detected when creating a project graph: Failed to process project dependencies with "nx-js-graph-plugin".
Expected ":" or blank space but "\n" found.
[NX Daemon Server] - 2023-12-07T10:58:09.952Z - [REQUEST]: Responding to the client with an error. Error when preparing serialized project graph. Failed to process project dependencies with "nx-js-graph-plugin".
Expected ":" or blank space but "\n" found.
peg$SyntaxError: Expected ":" or blank space but "\n" found.
    at peg$buildStructuredError (/Users/adibmokhtari/Documents/projects/bright-resume/node_modules/@yarnpkg/parsers/lib/grammars/syml.js:371:12)
    at peg$parse (/Users/adibmokhtari/Documents/projects/bright-resume/node_modules/@yarnpkg/parsers/lib/grammars/syml.js:1898:11)
    at parseViaPeg (/Users/adibmokhtari/Documents/projects/bright-resume/node_modules/@yarnpkg/parsers/lib/syml.js:109:29)
    at parseViaJsYaml (/Users/adibmokhtari/Documents/projects/bright-resume/node_modules/@yarnpkg/parsers/lib/syml.js:114:16)
    at parseSyml (/Users/adibmokhtari/Documents/projects/bright-resume/node_modules/@yarnpkg/parsers/lib/syml.js:130:12)
    at parseLockFile (/Users/adibmokhtari/Documents/projects/bright-resume/node_modules/nx/src/plugins/js/lock-file/yarn-parser.js:20:20)
    at getYarnLockfileDependencies (/Users/adibmokhtari/Documents/projects/bright-resume/node_modules/nx/src/plugins/js/lock-file/yarn-parser.js:34:45)
    at getLockFileDependencies (/Users/adibmokhtari/Documents/projects/bright-resume/node_modules/nx/src/plugins/js/lock-file/lock-file.js:60:66)
    at Object.createDependencies (/Users/adibmokhtari/Documents/projects/bright-resume/node_modules/nx/src/plugins/js/index.js:64:76)
    at /Users/adibmokhtari/Documents/projects/bright-resume/node_modules/nx/src/project-graph/build-project-graph.js:180:47 {
  message: 'Failed to process project dependencies with "nx-js-graph-plugin".\n' +
    'Expected ":" or blank space but "\\n" found.',
  expected: [
    { type: 'other', description: 'blank space' },
    { type: 'literal', text: ':', ignoreCase: false }
  ],
  found: '\n',
  location: {
    start: { offset: 4203, line: 107, column: 13 },
    end: { offset: 4204, line: 108, column: 1 }
  }
}
[NX Daemon Server] - 2023-12-07T10:58:09.953Z - Done responding to the client null
